<?xml version="1.0" encoding="UTF-8"?>
<!-- Generated by org.testng.reporters.JUnitXMLReporter -->
<testsuite hostname="LTIN235512" ignored="0" name="Default test" tests="12" failures="0" timestamp="2022-01-19T12:06:53 IST" time="49.754" errors="0">
  <testcase name="extentReportFile" time="0.287" classname="TestScript.MakeMyTripTest"/>
  <testcase name="LaunchApp" time="9.007" classname="TestScript.MakeMyTripTest"/>
  <testcase name="Cabs" time="5.522" classname="TestScript.MakeMyTripTest"/>
  <testcase name="Cabs1" time="11.322" classname="TestScript.MakeMyTripTest"/>
  <testcase name="search" time="2.342" classname="TestScript.MakeMyTripTest"/>
  <testcase name="cabType" time="5.215" classname="TestScript.MakeMyTripTest"/>
  <testcase name="GiftCards" time="2.209" classname="TestScript.MakeMyTripTest"/>
  <testcase name="GiftCards1" time="6.133" classname="TestScript.MakeMyTripTest"/>
  <testcase name="Screenshot" time="2.356" classname="TestScript.MakeMyTripTest"/>
  <testcase name="navigation" time="4.361" classname="TestScript.MakeMyTripTest"/>
  <testcase name="Hotels" time="0.448" classname="TestScript.MakeMyTripTest"/>
  <testcase name="Hotels1" time="0.476" classname="TestScript.MakeMyTripTest"/>
</testsuite> <!-- Default test -->
