<?xml version="1.0" encoding="UTF-8"?>
<!-- Generated by org.testng.reporters.JUnitXMLReporter -->
<testsuite ignored="0" hostname="LTIN318583" failures="0" tests="12" name="Regression Test" time="39.963" errors="0" timestamp="2022-01-04T11:31:33 IST">
  <testcase classname="TestScript.MakeMyTripTest" name="LaunchApp" time="5.631"/>
  <testcase classname="TestScript.MakeMyTripTest" name="Alert" time="0.137"/>
  <testcase classname="TestScript.MakeMyTripTest" name="Cabs" time="2.165"/>
  <testcase classname="TestScript.MakeMyTripTest" name="Cabs1" time="11.469"/>
  <testcase classname="TestScript.MakeMyTripTest" name="search" time="2.329"/>
  <testcase classname="TestScript.MakeMyTripTest" name="cabType" time="5.193"/>
  <testcase classname="TestScript.MakeMyTripTest" name="GiftCards" time="2.15"/>
  <testcase classname="TestScript.MakeMyTripTest" name="GiftCards1" time="5.386"/>
  <testcase classname="TestScript.MakeMyTripTest" name="Screenshot" time="2.28"/>
  <testcase classname="TestScript.MakeMyTripTest" name="navigation" time="2.491"/>
  <testcase classname="TestScript.MakeMyTripTest" name="Hotels" time="0.406"/>
  <testcase classname="TestScript.MakeMyTripTest" name="Hotels1" time="0.318"/>
</testsuite> <!-- Regression Test -->
