<?xml version="1.0" encoding="UTF-8"?>
<!-- Generated by org.testng.reporters.JUnitXMLReporter -->
<testsuite hostname="LTIN235512" ignored="0" name="Regression Test" tests="12" failures="0" timestamp="2022-01-19T10:37:07 IST" time="0.039" errors="0">
  <testcase name="@BeforeSuite BrowserCall" time="0.796" classname="TestScript.MakeMyTripTest">
    <failure type="java.lang.NoClassDefFoundError" message="org/apache/commons/io/IOUtils">
      <![CDATA[java.lang.NoClassDefFoundError: org/apache/commons/io/IOUtils
at io.github.bonigarcia.wdm.versions.VersionDetector.getProperties(VersionDetector.java:302)
at io.github.bonigarcia.wdm.versions.VersionDetector.getBrowserVersionFromTheShell(VersionDetector.java:202)
at io.github.bonigarcia.wdm.WebDriverManager.getBrowserVersionFromTheShell(WebDriverManager.java:1063)
at io.github.bonigarcia.wdm.WebDriverManager.detectBrowserVersion(WebDriverManager.java:1083)
at io.github.bonigarcia.wdm.WebDriverManager.resolveDriverVersion(WebDriverManager.java:948)
at io.github.bonigarcia.wdm.WebDriverManager.manage(WebDriverManager.java:899)
at io.github.bonigarcia.wdm.WebDriverManager.setup(WebDriverManager.java:337)
at library.Browser.getWebDriver(Browser.java:20)
at TestScript.MakeMyTripTest.BrowserCall(MakeMyTripTest.java:22)
... Removed 20 stack frames]]>
    </failure>
  </testcase> <!-- @BeforeSuite BrowserCall -->
  <testcase name="extentReportFile" time="0.0" classname="TestScript.MakeMyTripTest">
    <skipped/>
  </testcase> <!-- extentReportFile -->
  <testcase name="LaunchApp" time="0.0" classname="TestScript.MakeMyTripTest">
    <skipped/>
  </testcase> <!-- LaunchApp -->
  <testcase name="Cabs" time="0.0" classname="TestScript.MakeMyTripTest">
    <skipped/>
  </testcase> <!-- Cabs -->
  <testcase name="Cabs1" time="0.0" classname="TestScript.MakeMyTripTest">
    <skipped/>
  </testcase> <!-- Cabs1 -->
  <testcase name="search" time="0.0" classname="TestScript.MakeMyTripTest">
    <skipped/>
  </testcase> <!-- search -->
  <testcase name="cabType" time="0.0" classname="TestScript.MakeMyTripTest">
    <skipped/>
  </testcase> <!-- cabType -->
  <testcase name="GiftCards" time="0.0" classname="TestScript.MakeMyTripTest">
    <skipped/>
  </testcase> <!-- GiftCards -->
  <testcase name="GiftCards1" time="0.0" classname="TestScript.MakeMyTripTest">
    <skipped/>
  </testcase> <!-- GiftCards1 -->
  <testcase name="Screenshot" time="0.0" classname="TestScript.MakeMyTripTest">
    <skipped/>
  </testcase> <!-- Screenshot -->
  <testcase name="navigation" time="0.0" classname="TestScript.MakeMyTripTest">
    <skipped/>
  </testcase> <!-- navigation -->
  <testcase name="Hotels" time="0.0" classname="TestScript.MakeMyTripTest">
    <skipped/>
  </testcase> <!-- Hotels -->
  <testcase name="Hotels1" time="0.0" classname="TestScript.MakeMyTripTest">
    <skipped/>
  </testcase> <!-- Hotels1 -->
</testsuite> <!-- Regression Test -->
