<?xml version="1.0" encoding="UTF-8"?>
<!-- Generated by org.testng.reporters.JUnitXMLReporter -->
<testsuite ignored="0" hostname="LTIN318583" failures="0" tests="12" name="Test" time="39.715" errors="0" timestamp="2022-01-04T10:33:55 IST">
  <testcase classname="TestScript.MakeMyTripTest" name="LaunchApp" time="5.931"/>
  <testcase classname="TestScript.MakeMyTripTest" name="Alert" time="0.14"/>
  <testcase classname="TestScript.MakeMyTripTest" name="Cabs" time="2.17"/>
  <testcase classname="TestScript.MakeMyTripTest" name="Cabs1" time="10.789"/>
  <testcase classname="TestScript.MakeMyTripTest" name="search" time="2.384"/>
  <testcase classname="TestScript.MakeMyTripTest" name="cabType" time="5.181"/>
  <testcase classname="TestScript.MakeMyTripTest" name="GiftCards" time="1.551"/>
  <testcase classname="TestScript.MakeMyTripTest" name="GiftCards1" time="5.437"/>
  <testcase classname="TestScript.MakeMyTripTest" name="Screenshot" time="2.263"/>
  <testcase classname="TestScript.MakeMyTripTest" name="navigation" time="3.07"/>
  <testcase classname="TestScript.MakeMyTripTest" name="Hotels" time="0.48"/>
  <testcase classname="TestScript.MakeMyTripTest" name="Hotels1" time="0.299"/>
</testsuite> <!-- Test -->
