<?xml version="1.0" encoding="UTF-8"?>
<!-- Generated by org.testng.reporters.JUnitXMLReporter -->
<testsuite ignored="5" hostname="LTIN318583" failures="0" tests="7" name="smoke Test" time="16.867" errors="0" timestamp="2022-01-04T11:30:49 IST">
  <testcase classname="TestScript.MakeMyTripTest" name="LaunchApp" time="6.021"/>
  <testcase classname="TestScript.MakeMyTripTest" name="Alert" time="0.161"/>
  <testcase classname="TestScript.MakeMyTripTest" name="Cabs" time="2.239"/>
  <testcase classname="TestScript.MakeMyTripTest" name="search" time="2.774"/>
  <testcase classname="TestScript.MakeMyTripTest" name="GiftCards" time="1.69"/>
  <testcase classname="TestScript.MakeMyTripTest" name="navigation" time="3.53"/>
  <testcase classname="TestScript.MakeMyTripTest" name="Hotels" time="0.397"/>
  <testcase classname="TestScript.MakeMyTripTest" name="Screenshot" time="0.0">
    <ignored/>
  </testcase> <!-- Screenshot -->
  <testcase classname="TestScript.MakeMyTripTest" name="cabType" time="0.0">
    <ignored/>
  </testcase> <!-- cabType -->
  <testcase classname="TestScript.MakeMyTripTest" name="GiftCards1" time="0.0">
    <ignored/>
  </testcase> <!-- GiftCards1 -->
  <testcase classname="TestScript.MakeMyTripTest" name="Hotels1" time="0.0">
    <ignored/>
  </testcase> <!-- Hotels1 -->
  <testcase classname="TestScript.MakeMyTripTest" name="Cabs1" time="0.0">
    <ignored/>
  </testcase> <!-- Cabs1 -->
</testsuite> <!-- smoke Test -->
