<?xml version="1.0" encoding="UTF-8"?>
<!-- Generated by org.testng.reporters.JUnitXMLReporter -->
<testsuite ignored="0" hostname="LTIN318583" failures="0" tests="12" name="Test" time="42.074" errors="0" timestamp="2022-01-04T10:29:15 IST">
  <testcase classname="TestScript.MakeMyTripTest" name="LaunchApp" time="6.487"/>
  <testcase classname="TestScript.MakeMyTripTest" name="Alert" time="0.142"/>
  <testcase classname="TestScript.MakeMyTripTest" name="Cabs" time="2.204"/>
  <testcase classname="TestScript.MakeMyTripTest" name="Cabs1" time="11.458"/>
  <testcase classname="TestScript.MakeMyTripTest" name="search" time="3.085"/>
  <testcase classname="TestScript.MakeMyTripTest" name="cabType" time="5.173"/>
  <testcase classname="TestScript.MakeMyTripTest" name="GiftCards" time="1.782"/>
  <testcase classname="TestScript.MakeMyTripTest" name="GiftCards1" time="5.318"/>
  <testcase classname="TestScript.MakeMyTripTest" name="Screenshot" time="2.257"/>
  <testcase classname="TestScript.MakeMyTripTest" name="navigation" time="3.48"/>
  <testcase classname="TestScript.MakeMyTripTest" name="Hotels" time="0.371"/>
  <testcase classname="TestScript.MakeMyTripTest" name="Hotels1" time="0.264"/>
</testsuite> <!-- Test -->
