<?xml version="1.0" encoding="UTF-8"?>
<!-- Generated by org.testng.reporters.JUnitXMLReporter -->
<testsuite hostname="LTIN235512" ignored="5" name="smoke Test" tests="7" failures="0" timestamp="2022-01-19T10:37:06 IST" time="0.066" errors="0">
  <testcase name="@BeforeSuite BrowserCall" time="1.841" classname="TestScript.MakeMyTripTest">
    <failure type="java.lang.NoClassDefFoundError" message="org/apache/commons/io/IOUtils">
      <![CDATA[java.lang.NoClassDefFoundError: org/apache/commons/io/IOUtils
at io.github.bonigarcia.wdm.versions.VersionDetector.getProperties(VersionDetector.java:302)
at io.github.bonigarcia.wdm.versions.VersionDetector.getBrowserVersionFromTheShell(VersionDetector.java:202)
at io.github.bonigarcia.wdm.WebDriverManager.getBrowserVersionFromTheShell(WebDriverManager.java:1063)
at io.github.bonigarcia.wdm.WebDriverManager.detectBrowserVersion(WebDriverManager.java:1083)
at io.github.bonigarcia.wdm.WebDriverManager.resolveDriverVersion(WebDriverManager.java:948)
at io.github.bonigarcia.wdm.WebDriverManager.manage(WebDriverManager.java:899)
at io.github.bonigarcia.wdm.WebDriverManager.setup(WebDriverManager.java:337)
at library.Browser.getWebDriver(Browser.java:20)
at TestScript.MakeMyTripTest.BrowserCall(MakeMyTripTest.java:22)
Caused by: java.lang.ClassNotFoundException: org.apache.commons.io.IOUtils
at java.net.URLClassLoader.findClass(Unknown Source)
at java.lang.ClassLoader.loadClass(Unknown Source)
at sun.misc.Launcher$AppClassLoader.loadClass(Unknown Source)
at java.lang.ClassLoader.loadClass(Unknown Source)
... 29 more
... Removed 20 stack frames]]>
    </failure>
  </testcase> <!-- @BeforeSuite BrowserCall -->
  <testcase name="extentReportFile" time="0.0" classname="TestScript.MakeMyTripTest">
    <skipped/>
  </testcase> <!-- extentReportFile -->
  <testcase name="LaunchApp" time="0.0" classname="TestScript.MakeMyTripTest">
    <skipped/>
  </testcase> <!-- LaunchApp -->
  <testcase name="Cabs" time="0.0" classname="TestScript.MakeMyTripTest">
    <skipped/>
  </testcase> <!-- Cabs -->
  <testcase name="search" time="0.0" classname="TestScript.MakeMyTripTest">
    <skipped/>
  </testcase> <!-- search -->
  <testcase name="GiftCards" time="0.0" classname="TestScript.MakeMyTripTest">
    <skipped/>
  </testcase> <!-- GiftCards -->
  <testcase name="navigation" time="0.0" classname="TestScript.MakeMyTripTest">
    <skipped/>
  </testcase> <!-- navigation -->
  <testcase name="Hotels" time="0.0" classname="TestScript.MakeMyTripTest">
    <skipped/>
  </testcase> <!-- Hotels -->
  <testcase name="Screenshot" time="0.0" classname="TestScript.MakeMyTripTest">
    <ignored/>
  </testcase> <!-- Screenshot -->
  <testcase name="cabType" time="0.0" classname="TestScript.MakeMyTripTest">
    <ignored/>
  </testcase> <!-- cabType -->
  <testcase name="GiftCards1" time="0.0" classname="TestScript.MakeMyTripTest">
    <ignored/>
  </testcase> <!-- GiftCards1 -->
  <testcase name="Hotels1" time="0.0" classname="TestScript.MakeMyTripTest">
    <ignored/>
  </testcase> <!-- Hotels1 -->
  <testcase name="Cabs1" time="0.0" classname="TestScript.MakeMyTripTest">
    <ignored/>
  </testcase> <!-- Cabs1 -->
</testsuite> <!-- smoke Test -->
