<?xml version="1.0" encoding="UTF-8"?>
<!-- Generated by org.testng.reporters.JUnitXMLReporter -->
<testsuite ignored="0" hostname="LTIN318583" failures="0" tests="12" name="Test" time="44.501" errors="0" timestamp="2022-01-04T10:33:11 IST">
  <testcase classname="TestScript.MakeMyTripTest" name="LaunchApp" time="8.217"/>
  <testcase classname="TestScript.MakeMyTripTest" name="Alert" time="0.169"/>
  <testcase classname="TestScript.MakeMyTripTest" name="Cabs" time="2.2"/>
  <testcase classname="TestScript.MakeMyTripTest" name="Cabs1" time="11.463"/>
  <testcase classname="TestScript.MakeMyTripTest" name="search" time="3.417"/>
  <testcase classname="TestScript.MakeMyTripTest" name="cabType" time="5.182"/>
  <testcase classname="TestScript.MakeMyTripTest" name="GiftCards" time="2.391"/>
  <testcase classname="TestScript.MakeMyTripTest" name="GiftCards1" time="5.341"/>
  <testcase classname="TestScript.MakeMyTripTest" name="Screenshot" time="2.272"/>
  <testcase classname="TestScript.MakeMyTripTest" name="navigation" time="3.001"/>
  <testcase classname="TestScript.MakeMyTripTest" name="Hotels" time="0.467"/>
  <testcase classname="TestScript.MakeMyTripTest" name="Hotels1" time="0.326"/>
</testsuite> <!-- Test -->
